[ 2016-02-19T04:25:50+08:00 ] ::1 /ame/App/Home/View/Default/css/App/Home/View/Default/img/web/AME_Track_bk.jpg
INFO: [ app_init ] --START--
INFO: Run Behavior\BuildLiteBehavior [ RunTime:0.000024s ]
INFO: [ app_init ] --END-- [ RunTime:0.000639s ]
ERR: 无法加载模块:App

[ 2016-02-19T04:25:58+08:00 ] ::1 /ame/App/Home/View/Default/css/App/Home/View/Default/img/web/AME_Track_bk.jpg
INFO: [ app_init ] --START--
INFO: Run Behavior\BuildLiteBehavior [ RunTime:0.000020s ]
INFO: [ app_init ] --END-- [ RunTime:0.000590s ]
ERR: 无法加载模块:App

[ 2016-02-19T04:25:58+08:00 ] ::1 /ame/App/Home/View/Default/css/App/Home/View/Default/img/web/AME_Track_bk.jpg
INFO: [ app_init ] --START--
INFO: Run Behavior\BuildLiteBehavior [ RunTime:0.000021s ]
INFO: [ app_init ] --END-- [ RunTime:0.000474s ]
ERR: 无法加载模块:App

[ 2016-02-19T04:26:00+08:00 ] ::1 /ame/App/Home/View/Default/css/App/Home/View/Default/img/web/AME_Track_bk.jpg
INFO: [ app_init ] --START--
INFO: Run Behavior\BuildLiteBehavior [ RunTime:0.000023s ]
INFO: [ app_init ] --END-- [ RunTime:0.000539s ]
ERR: 无法加载模块:App

